Determining if the pthread_create exist failed with the following output:
Change Dir: /home/naman/catkin_ws/src/laser_drivers/trunk/hokuyo_node/build/CMakeFiles/CMakeTmp

Run Build Command:/usr/bin/make "cmTryCompileExec2501481674/fast"
make[1]: Entering directory `/home/naman/catkin_ws/src/laser_drivers/trunk/hokuyo_node/build/CMakeFiles/CMakeTmp'
/usr/bin/make -f CMakeFiles/cmTryCompileExec2501481674.dir/build.make CMakeFiles/cmTryCompileExec2501481674.dir/build
make[2]: Entering directory `/home/naman/catkin_ws/src/laser_drivers/trunk/hokuyo_node/build/CMakeFiles/CMakeTmp'
/usr/bin/cmake -E cmake_progress_report /home/naman/catkin_ws/src/laser_drivers/trunk/hokuyo_node/build/CMakeFiles/CMakeTmp/CMakeFiles 1
Building C object CMakeFiles/cmTryCompileExec2501481674.dir/CheckSymbolExists.c.o
/usr/bin/gcc    -o CMakeFiles/cmTryCompileExec2501481674.dir/CheckSymbolExists.c.o   -c /home/naman/catkin_ws/src/laser_drivers/trunk/hokuyo_node/build/CMakeFiles/CMakeTmp/CheckSymbolExists.c
Linking C executable cmTryCompileExec2501481674
/usr/bin/cmake -E cmake_link_script CMakeFiles/cmTryCompileExec2501481674.dir/link.txt --verbose=1
/usr/bin/gcc         CMakeFiles/cmTryCompileExec2501481674.dir/CheckSymbolExists.c.o  -o cmTryCompileExec2501481674 -rdynamic 
CMakeFiles/cmTryCompileExec2501481674.dir/CheckSymbolExists.c.o:CheckSymbolExists.c:function main: error: undefined reference to 'pthread_create'
collect2: error: ld returned 1 exit status
make[2]: *** [cmTryCompileExec2501481674] Error 1
make[2]: Leaving directory `/home/naman/catkin_ws/src/laser_drivers/trunk/hokuyo_node/build/CMakeFiles/CMakeTmp'
make[1]: *** [cmTryCompileExec2501481674/fast] Error 2
make[1]: Leaving directory `/home/naman/catkin_ws/src/laser_drivers/trunk/hokuyo_node/build/CMakeFiles/CMakeTmp'

File /home/naman/catkin_ws/src/laser_drivers/trunk/hokuyo_node/build/CMakeFiles/CMakeTmp/CheckSymbolExists.c:
/* */
#include <pthread.h>

int main(int argc, char** argv)
{
  (void)argv;
#ifndef pthread_create
  return ((int*)(&pthread_create))[argc];
#else
  (void)argc;
  return 0;
#endif
}

Determining if the function pthread_create exists in the pthreads failed with the following output:
Change Dir: /home/naman/catkin_ws/src/laser_drivers/trunk/hokuyo_node/build/CMakeFiles/CMakeTmp

Run Build Command:/usr/bin/make "cmTryCompileExec2965199706/fast"
make[1]: Entering directory `/home/naman/catkin_ws/src/laser_drivers/trunk/hokuyo_node/build/CMakeFiles/CMakeTmp'
/usr/bin/make -f CMakeFiles/cmTryCompileExec2965199706.dir/build.make CMakeFiles/cmTryCompileExec2965199706.dir/build
make[2]: Entering directory `/home/naman/catkin_ws/src/laser_drivers/trunk/hokuyo_node/build/CMakeFiles/CMakeTmp'
/usr/bin/cmake -E cmake_progress_report /home/naman/catkin_ws/src/laser_drivers/trunk/hokuyo_node/build/CMakeFiles/CMakeTmp/CMakeFiles 1
Building C object CMakeFiles/cmTryCompileExec2965199706.dir/CheckFunctionExists.c.o
/usr/bin/gcc   -DCHECK_FUNCTION_EXISTS=pthread_create   -o CMakeFiles/cmTryCompileExec2965199706.dir/CheckFunctionExists.c.o   -c /usr/share/cmake-2.8/Modules/CheckFunctionExists.c
Linking C executable cmTryCompileExec2965199706
/usr/bin/cmake -E cmake_link_script CMakeFiles/cmTryCompileExec2965199706.dir/link.txt --verbose=1
/usr/bin/gcc     -DCHECK_FUNCTION_EXISTS=pthread_create    CMakeFiles/cmTryCompileExec2965199706.dir/CheckFunctionExists.c.o  -o cmTryCompileExec2965199706 -rdynamic -lpthreads 
/usr/bin/ld: error: cannot find -lpthreads
CMakeFiles/cmTryCompileExec2965199706.dir/CheckFunctionExists.c.o:CheckFunctionExists.c:function main: error: undefined reference to 'pthread_create'
collect2: error: ld returned 1 exit status
make[2]: *** [cmTryCompileExec2965199706] Error 1
make[2]: Leaving directory `/home/naman/catkin_ws/src/laser_drivers/trunk/hokuyo_node/build/CMakeFiles/CMakeTmp'
make[1]: *** [cmTryCompileExec2965199706/fast] Error 2
make[1]: Leaving directory `/home/naman/catkin_ws/src/laser_drivers/trunk/hokuyo_node/build/CMakeFiles/CMakeTmp'


